<?xml version="1.0" encoding="UTF-8"?>
<testsuite xmlns:xsi="http://www.w3.org/2001/XMLSchema-instance" xsi:noNamespaceSchemaLocation="https://maven.apache.org/surefire/maven-surefire-plugin/xsd/surefire-test-report-3.0.xsd" version="3.0" name="ru.mai.lessons.rpks.impl.FileReaderTest" time="0.79" tests="4" errors="0" skipped="0" failures="0">
  <properties>
    <property name="java.specification.version" value="22"/>
    <property name="sun.cpu.isalist" value="amd64"/>
    <property name="sun.jnu.encoding" value="Cp1251"/>
    <property name="java.class.path" value="C:\labs mai\JavaLabs\JavaServiceBrackets\target\test-classes;C:\labs mai\JavaLabs\JavaServiceBrackets\target\classes;C:\Users\marya\.m2\repository\ch\qos\logback\logback-classic\1.4.11\logback-classic-1.4.11.jar;C:\Users\marya\.m2\repository\ch\qos\logback\logback-core\1.4.11\logback-core-1.4.11.jar;C:\Users\marya\.m2\repository\org\slf4j\slf4j-api\2.0.7\slf4j-api-2.0.7.jar;C:\Users\marya\.m2\repository\org\projectlombok\lombok\1.18.30\lombok-1.18.30.jar;C:\Users\marya\.m2\repository\org\testng\testng\7.8.0\testng-7.8.0.jar;C:\Users\marya\.m2\repository\com\beust\jcommander\1.82\jcommander-1.82.jar;C:\Users\marya\.m2\repository\org\webjars\jquery\3.6.1\jquery-3.6.1.jar;"/>
    <property name="java.vm.vendor" value="Oracle Corporation"/>
    <property name="sun.arch.data.model" value="64"/>
    <property name="user.variant" value=""/>
    <property name="java.vendor.url" value="https://java.oracle.com/"/>
    <property name="user.timezone" value="Europe/Moscow"/>
    <property name="os.name" value="Windows 10"/>
    <property name="java.vm.specification.version" value="22"/>
    <property name="user.country" value="RU"/>
    <property name="sun.java.launcher" value="SUN_STANDARD"/>
    <property name="sun.boot.library.path" value="C:\labs mai\JavaLabs\Oracle_JDK-22\bin"/>
    <property name="sun.java.command" value="C:\Users\marya\AppData\Local\Temp\surefire4696688666172607341\surefirebooter-20241003143941769_3.jar C:\Users\marya\AppData\Local\Temp\surefire4696688666172607341 2024-10-03T14-39-41_621-jvmRun1 surefire-20241003143941769_1tmp surefire_0-20241003143941769_2tmp"/>
    <property name="jdk.debug" value="release"/>
    <property name="test" value="ru.mai.lessons.rpks.impl.FileReaderTest"/>
    <property name="surefire.test.class.path" value="C:\labs mai\JavaLabs\JavaServiceBrackets\target\test-classes;C:\labs mai\JavaLabs\JavaServiceBrackets\target\classes;C:\Users\marya\.m2\repository\ch\qos\logback\logback-classic\1.4.11\logback-classic-1.4.11.jar;C:\Users\marya\.m2\repository\ch\qos\logback\logback-core\1.4.11\logback-core-1.4.11.jar;C:\Users\marya\.m2\repository\org\slf4j\slf4j-api\2.0.7\slf4j-api-2.0.7.jar;C:\Users\marya\.m2\repository\org\projectlombok\lombok\1.18.30\lombok-1.18.30.jar;C:\Users\marya\.m2\repository\org\testng\testng\7.8.0\testng-7.8.0.jar;C:\Users\marya\.m2\repository\com\beust\jcommander\1.82\jcommander-1.82.jar;C:\Users\marya\.m2\repository\org\webjars\jquery\3.6.1\jquery-3.6.1.jar;"/>
    <property name="sun.cpu.endian" value="little"/>
    <property name="user.home" value="C:\Users\marya"/>
    <property name="user.language" value="ru"/>
    <property name="java.specification.vendor" value="Oracle Corporation"/>
    <property name="java.version.date" value="2024-07-16"/>
    <property name="java.home" value="C:\labs mai\JavaLabs\Oracle_JDK-22"/>
    <property name="file.separator" value="\"/>
    <property name="basedir" value="C:\labs mai\JavaLabs\JavaServiceBrackets"/>
    <property name="java.vm.compressedOopsMode" value="Zero based"/>
    <property name="line.separator" value="&#10;"/>
    <property name="java.vm.specification.vendor" value="Oracle Corporation"/>
    <property name="java.specification.name" value="Java Platform API Specification"/>
    <property name="surefire.real.class.path" value="C:\Users\marya\AppData\Local\Temp\surefire4696688666172607341\surefirebooter-20241003143941769_3.jar"/>
    <property name="user.script" value=""/>
    <property name="sun.management.compiler" value="HotSpot 64-Bit Tiered Compilers"/>
    <property name="java.runtime.version" value="22.0.2+9-70"/>
    <property name="user.name" value="marya"/>
    <property name="stdout.encoding" value="Cp1251"/>
    <property name="path.separator" value=";"/>
    <property name="os.version" value="10.0"/>
    <property name="java.runtime.name" value="Java(TM) SE Runtime Environment"/>
    <property name="file.encoding" value="UTF-8"/>
    <property name="java.vm.name" value="Java HotSpot(TM) 64-Bit Server VM"/>
    <property name="maven.ext.class.path" value="C:\Users\marya\.vscode\extensions\oracle.oracle-java-22.1.2\nbcode\java\maven-nblib\netbeans-eventspy.jar"/>
    <property name="localRepository" value="C:\Users\marya\.m2\repository"/>
    <property name="java.vendor.url.bug" value="https://bugreport.java.com/bugreport/"/>
    <property name="java.io.tmpdir" value="C:\Users\marya\AppData\Local\Temp\"/>
    <property name="java.version" value="22.0.2"/>
    <property name="user.dir" value="C:\labs mai\JavaLabs\JavaServiceBrackets"/>
    <property name="os.arch" value="amd64"/>
    <property name="java.vm.specification.name" value="Java Virtual Machine Specification"/>
    <property name="sun.os.patch.level" value=""/>
    <property name="native.encoding" value="Cp1251"/>
    <property name="java.library.path" value="C:\labs mai\JavaLabs\Oracle_JDK-22\bin;C:\WINDOWS\Sun\Java\bin;C:\WINDOWS\system32;C:\WINDOWS;C:\Program Files (x86)\Common Files\Oracle\Java\javapath;C:\Windows\system32;C:\Windows;C:\Windows\System32\Wbem;C:\Windows\System32\WindowsPowerShell\v1.0\;C:\Windows\System32\OpenSSH\;C:\Program Files (x86)\NVIDIA Corporation\PhysX\Common;C:\Program Files\NVIDIA Corporation\NVIDIA NvDLISR;C:\Program Files\Git\cmd;C:\WINDOWS\system32;C:\WINDOWS;C:\WINDOWS\System32\Wbem;C:\WINDOWS\System32\WindowsPowerShell\v1.0\;C:\WINDOWS\System32\OpenSSH\;C:\Program Files\dotnet\;C:\Program Files (x86)\dotnet\;C:\msys64\ucrt64\bin;C:\labs mai\mingw64\bin;C:\Users\marya\AppData\Local\Programs\Python\Python39\Scripts;C:\Users\marya\AppData\Local\Microsoft\WindowsApps;C:\Users\marya\AppData\Local\Programs\Microsoft VS Code\bin;C:\Users\marya\.dotnet\tools;C:\Program Files\CMake\bin;C:\labs mai\mingw64\bin\gdb.exe;;."/>
    <property name="java.vm.info" value="mixed mode, sharing"/>
    <property name="stderr.encoding" value="Cp1251"/>
    <property name="java.vendor" value="Oracle Corporation"/>
    <property name="java.vm.version" value="22.0.2+9-70"/>
    <property name="sun.io.unicode.encoding" value="UnicodeLittle"/>
    <property name="java.class.version" value="66.0"/>
  </properties>
  <testcase name="testNegativeLoadConfig[null](2)" classname="ru.mai.lessons.rpks.impl.FileReaderTest" time="0.007"/>
  <testcase name="testNegativeLoadConfig[](2)" classname="ru.mai.lessons.rpks.impl.FileReaderTest" time="0.008"/>
  <testcase name="testPositiveLoadContent[single_line.txt, [Hello World!]](2)" classname="ru.mai.lessons.rpks.impl.FileReaderTest" time="0.021">
    <system-out><![CDATA[[Hello World!]
[Hello, World!]
]]></system-out>
  </testcase>
  <testcase name="testPositiveLoadContent[multiple_lines.txt, [Hello, World!]](2)" classname="ru.mai.lessons.rpks.impl.FileReaderTest" time="0.021"/>
</testsuite>