<?xml version="1.0" encoding="UTF-8"?>
<!-- Generated by org.testng.reporters.JUnitReportReporter -->
<testsuite hostname="DESKTOP-LFKC8FK" failures="0" tests="3" name="ru.mai.lessons.rpks.impl.ConfigReaderTest" time="0.037" errors="0" timestamp="2024-10-03T14:39:35 MSK" skipped="0">
  <testcase classname="ru.mai.lessons.rpks.impl.ConfigReaderTest" name="testNegativeLoadConfig" time="0.015"/>
  <testcase classname="ru.mai.lessons.rpks.impl.ConfigReaderTest" name="testNegativeLoadConfig" time="0.015"/>
  <testcase classname="ru.mai.lessons.rpks.impl.ConfigReaderTest" name="testPositiveLoadConfig" time="0.007"/>
</testsuite> <!-- ru.mai.lessons.rpks.impl.ConfigReaderTest -->
