<?xml version="1.0" encoding="UTF-8"?>
<!-- Generated by org.testng.reporters.JUnitReportReporter -->
<testsuite hostname="DESKTOP-LFKC8FK" failures="0" tests="10" name="ru.mai.lessons.rpks.impl.BracketsDetectorTest" time="0.062" errors="0" timestamp="2024-10-03T14:39:23 MSK" skipped="0">
  <testcase classname="ru.mai.lessons.rpks.impl.BracketsDetectorTest" name="testPositiveCheckMagicBracketsRules" time="0.002"/>
  <testcase classname="ru.mai.lessons.rpks.impl.BracketsDetectorTest" name="testNegativeCheckAllBracketsRules" time="0.024"/>
  <testcase classname="ru.mai.lessons.rpks.impl.BracketsDetectorTest" name="testNegativeCheckAllBracketsRules" time="0.017"/>
  <testcase classname="ru.mai.lessons.rpks.impl.BracketsDetectorTest" name="testPositiveCheckSomeBracketsRules" time="0.009"/>
  <testcase classname="ru.mai.lessons.rpks.impl.BracketsDetectorTest" name="testPositiveCheckSomeBracketsRules" time="0.001"/>
  <testcase classname="ru.mai.lessons.rpks.impl.BracketsDetectorTest" name="testPositiveCheckSomeBracketsRules" time="0.003"/>
  <testcase classname="ru.mai.lessons.rpks.impl.BracketsDetectorTest" name="testPositiveCheckSomeBracketsRules" time="0.002"/>
  <testcase classname="ru.mai.lessons.rpks.impl.BracketsDetectorTest" name="testPositiveCheckAllBracketsRules" time="0.001"/>
  <testcase classname="ru.mai.lessons.rpks.impl.BracketsDetectorTest" name="testPositiveCheckSomeBracketsRules" time="0.001"/>
  <testcase classname="ru.mai.lessons.rpks.impl.BracketsDetectorTest" name="testNegativeCheckMagicBracketsRules" time="0.002"/>
</testsuite> <!-- ru.mai.lessons.rpks.impl.BracketsDetectorTest -->
