<?xml version="1.0" encoding="UTF-8"?>
<!-- Generated by org.testng.reporters.JUnitReportReporter -->
<testsuite hostname="DESKTOP-LFKC8FK" failures="0" tests="4" name="ru.mai.lessons.rpks.impl.FileReaderTest" time="0.083" errors="0" timestamp="2024-10-03T14:39:42 MSK" skipped="0">
  <testcase classname="ru.mai.lessons.rpks.impl.FileReaderTest" name="testNegativeLoadConfig" time="0.027"/>
  <testcase classname="ru.mai.lessons.rpks.impl.FileReaderTest" name="testNegativeLoadConfig" time="0.026"/>
  <testcase classname="ru.mai.lessons.rpks.impl.FileReaderTest" name="testPositiveLoadContent" time="0.015"/>
  <testcase classname="ru.mai.lessons.rpks.impl.FileReaderTest" name="testPositiveLoadContent" time="0.015"/>
</testsuite> <!-- ru.mai.lessons.rpks.impl.FileReaderTest -->
