<?xml version="1.0" encoding="UTF-8"?>
<!-- Generated by org.testng.reporters.JUnitReportReporter -->
<testsuite hostname="LAPTOP-3UJAG6R8" failures="0" tests="4" name="ru.mai.lessons.rpks.impl.FileReaderTest" time="0.013" errors="2" timestamp="2024-10-03T00:25:21 MSK" skipped="0">
  <testcase classname="ru.mai.lessons.rpks.impl.FileReaderTest" name="testPositiveLoadContent" time="0.002">
    <error message="Illegal char &lt;:&gt; at index 20: src/test/resources/C:\Users\79257\IdeaProjects\JavaServiceBrackets\target\test-classes\single_line.txt" type="java.nio.file.InvalidPathException">
      <![CDATA[java.nio.file.InvalidPathException: Illegal char <:> at index 20: src/test/resources/C:\Users\79257\IdeaProjects\JavaServiceBrackets\target\test-classes\single_line.txt
at java.base/sun.nio.fs.WindowsPathParser.normalize(WindowsPathParser.java:204)
at java.base/sun.nio.fs.WindowsPathParser.parse(WindowsPathParser.java:175)
at java.base/sun.nio.fs.WindowsPathParser.parse(WindowsPathParser.java:77)
at java.base/sun.nio.fs.WindowsPath.parse(WindowsPath.java:92)
at java.base/sun.nio.fs.WindowsFileSystem.getPath(WindowsFileSystem.java:231)
at java.base/java.nio.file.Path.of(Path.java:148)
at java.base/java.nio.file.Paths.get(Paths.java:69)
at ru.mai.lessons.rpks.impl.FileReader.loadContent(FileReader.java:21)
at ru.mai.lessons.rpks.impl.FileReaderTest.testPositiveLoadContent(FileReaderTest.java:42)
at java.base/jdk.internal.reflect.DirectMethodHandleAccessor.invoke(DirectMethodHandleAccessor.java:103)
at java.base/java.lang.reflect.Method.invoke(Method.java:580)
at org.testng.internal.invokers.MethodInvocationHelper.invokeMethod(MethodInvocationHelper.java:139)
at org.testng.internal.invokers.TestInvoker.invokeMethod(TestInvoker.java:664)
at org.testng.internal.invokers.TestInvoker.invokeTestMethod(TestInvoker.java:227)
at org.testng.internal.invokers.TestMethodWithDataProviderMethodWorker.call(TestMethodWithDataProviderMethodWorker.java:80)
at org.testng.internal.invokers.TestMethodWithDataProviderMethodWorker.call(TestMethodWithDataProviderMethodWorker.java:17)
at java.base/java.util.concurrent.FutureTask.run(FutureTask.java:317)
at java.base/java.util.concurrent.Executors$RunnableAdapter.call(Executors.java:572)
at java.base/java.util.concurrent.FutureTask.run(FutureTask.java:317)
at java.base/java.util.concurrent.ThreadPoolExecutor.runWorker(ThreadPoolExecutor.java:1144)
at java.base/java.util.concurrent.ThreadPoolExecutor$Worker.run(ThreadPoolExecutor.java:642)
at java.base/java.lang.Thread.run(Thread.java:1570)
]]>
    </error>
  </testcase> <!-- testPositiveLoadContent -->
  <testcase classname="ru.mai.lessons.rpks.impl.FileReaderTest" name="testNegativeLoadConfig" time="0.003"/>
  <testcase classname="ru.mai.lessons.rpks.impl.FileReaderTest" name="testNegativeLoadConfig" time="0.008"/>
  <testcase classname="ru.mai.lessons.rpks.impl.FileReaderTest" name="testPositiveLoadContent" time="0.000">
    <error message="Illegal char &lt;:&gt; at index 20: src/test/resources/C:\Users\79257\IdeaProjects\JavaServiceBrackets\target\test-classes\multiple_lines.txt" type="java.nio.file.InvalidPathException">
      <![CDATA[java.nio.file.InvalidPathException: Illegal char <:> at index 20: src/test/resources/C:\Users\79257\IdeaProjects\JavaServiceBrackets\target\test-classes\multiple_lines.txt
at java.base/sun.nio.fs.WindowsPathParser.normalize(WindowsPathParser.java:204)
at java.base/sun.nio.fs.WindowsPathParser.parse(WindowsPathParser.java:175)
at java.base/sun.nio.fs.WindowsPathParser.parse(WindowsPathParser.java:77)
at java.base/sun.nio.fs.WindowsPath.parse(WindowsPath.java:92)
at java.base/sun.nio.fs.WindowsFileSystem.getPath(WindowsFileSystem.java:231)
at java.base/java.nio.file.Path.of(Path.java:148)
at java.base/java.nio.file.Paths.get(Paths.java:69)
at ru.mai.lessons.rpks.impl.FileReader.loadContent(FileReader.java:21)
at ru.mai.lessons.rpks.impl.FileReaderTest.testPositiveLoadContent(FileReaderTest.java:42)
at java.base/jdk.internal.reflect.DirectMethodHandleAccessor.invoke(DirectMethodHandleAccessor.java:103)
at java.base/java.lang.reflect.Method.invoke(Method.java:580)
at org.testng.internal.invokers.MethodInvocationHelper.invokeMethod(MethodInvocationHelper.java:139)
at org.testng.internal.invokers.TestInvoker.invokeMethod(TestInvoker.java:664)
at org.testng.internal.invokers.TestInvoker.invokeTestMethod(TestInvoker.java:227)
at org.testng.internal.invokers.TestMethodWithDataProviderMethodWorker.call(TestMethodWithDataProviderMethodWorker.java:80)
at org.testng.internal.invokers.TestMethodWithDataProviderMethodWorker.call(TestMethodWithDataProviderMethodWorker.java:17)
at java.base/java.util.concurrent.FutureTask.run(FutureTask.java:317)
at java.base/java.util.concurrent.Executors$RunnableAdapter.call(Executors.java:572)
at java.base/java.util.concurrent.FutureTask.run(FutureTask.java:317)
at java.base/java.util.concurrent.ThreadPoolExecutor.runWorker(ThreadPoolExecutor.java:1144)
at java.base/java.util.concurrent.ThreadPoolExecutor$Worker.run(ThreadPoolExecutor.java:642)
at java.base/java.lang.Thread.run(Thread.java:1570)
]]>
    </error>
  </testcase> <!-- testPositiveLoadContent -->
</testsuite> <!-- ru.mai.lessons.rpks.impl.FileReaderTest -->
